0 info it worked if it ends with ok
1 verbose cli [ '/usr/local/bin/node', '/usr/local/bin/npm', 'install', 'i2c' ]
2 info using npm@2.14.7
3 info using node@v4.2.1
4 verbose install initial load of /home/pi/PiTruck/package.json
5 verbose installManyTop reading scoped package data from /home/pi/PiTruck/node_modules/async/package.json
6 verbose installManyTop reading scoped package data from /home/pi/PiTruck/node_modules/express/package.json
7 verbose installManyTop reading scoped package data from /home/pi/PiTruck/node_modules/onoff/package.json
8 verbose installManyTop reading scoped package data from /home/pi/PiTruck/node_modules/sleep/package.json
9 verbose installManyTop reading scoped package data from /home/pi/PiTruck/node_modules/socket.io/package.json
10 verbose readDependencies loading dependencies from /home/pi/PiTruck/package.json
11 silly cache add args [ 'i2c', null ]
12 verbose cache add spec i2c
13 silly cache add parsed spec Result {
13 silly cache add   raw: 'i2c',
13 silly cache add   scope: null,
13 silly cache add   name: 'i2c',
13 silly cache add   rawSpec: '',
13 silly cache add   spec: '*',
13 silly cache add   type: 'range' }
14 silly addNamed i2c@*
15 verbose addNamed "*" is a valid semver range for i2c
16 silly addNameRange { name: 'i2c', range: '*', hasData: false }
17 silly mapToRegistry name i2c
18 silly mapToRegistry using default registry
19 silly mapToRegistry registry https://registry.npmjs.org/
20 silly mapToRegistry uri https://registry.npmjs.org/i2c
21 verbose addNameRange registry:https://registry.npmjs.org/i2c not in flight; fetching
22 verbose request uri https://registry.npmjs.org/i2c
23 verbose request no auth needed
24 info attempt registry request try #1 at 11:33:36
25 verbose request id 0881f2d58172f49c
26 verbose etag "2US7AV2E523LRIDUMG1NU426P"
27 http request GET https://registry.npmjs.org/i2c
28 http 304 https://registry.npmjs.org/i2c
29 verbose headers { date: 'Thu, 04 Feb 2016 10:33:37 GMT',
29 verbose headers   via: '1.1 varnish',
29 verbose headers   'cache-control': 'max-age=300',
29 verbose headers   etag: '"2US7AV2E523LRIDUMG1NU426P"',
29 verbose headers   age: '0',
29 verbose headers   connection: 'keep-alive',
29 verbose headers   'x-served-by': 'cache-ams4134-AMS',
29 verbose headers   'x-cache': 'HIT',
29 verbose headers   'x-cache-hits': '1',
29 verbose headers   'x-timer': 'S1454582017.234300,VS0,VE160',
29 verbose headers   vary: 'Accept' }
30 silly get cb [ 304,
30 silly get   { date: 'Thu, 04 Feb 2016 10:33:37 GMT',
30 silly get     via: '1.1 varnish',
30 silly get     'cache-control': 'max-age=300',
30 silly get     etag: '"2US7AV2E523LRIDUMG1NU426P"',
30 silly get     age: '0',
30 silly get     connection: 'keep-alive',
30 silly get     'x-served-by': 'cache-ams4134-AMS',
30 silly get     'x-cache': 'HIT',
30 silly get     'x-cache-hits': '1',
30 silly get     'x-timer': 'S1454582017.234300,VS0,VE160',
30 silly get     vary: 'Accept' } ]
31 verbose etag https://registry.npmjs.org/i2c from cache
32 verbose get saving i2c to /home/pi/.npm/registry.npmjs.org/i2c/.cache.json
33 silly addNameRange number 2 { name: 'i2c', range: '*', hasData: true }
34 silly addNameRange versions [ 'i2c',
34 silly addNameRange   [ '0.0.1',
34 silly addNameRange     '0.0.2',
34 silly addNameRange     '0.0.3',
34 silly addNameRange     '0.0.4',
34 silly addNameRange     '0.0.5',
34 silly addNameRange     '0.1.0',
34 silly addNameRange     '0.1.1',
34 silly addNameRange     '0.1.2',
34 silly addNameRange     '0.1.3',
34 silly addNameRange     '0.1.4',
34 silly addNameRange     '0.1.5',
34 silly addNameRange     '0.1.6',
34 silly addNameRange     '0.1.7',
34 silly addNameRange     '0.1.8',
34 silly addNameRange     '0.2.0',
34 silly addNameRange     '0.2.1' ] ]
35 silly addNamed i2c@0.2.1
36 verbose addNamed "0.2.1" is a plain semver version for i2c
37 silly cache afterAdd i2c@0.2.1
38 verbose afterAdd /home/pi/.npm/i2c/0.2.1/package/package.json not in flight; writing
39 verbose afterAdd /home/pi/.npm/i2c/0.2.1/package/package.json written
40 silly install resolved [ { name: 'i2c',
40 silly install resolved     version: '0.2.1',
40 silly install resolved     description: 'Native bindings for i2c-dev. Plays well with Raspberry Pi and BeagleBone.',
40 silly install resolved     main: 'main.js',
40 silly install resolved     author: { name: 'Kelly Korevec' },
40 silly install resolved     repository:
40 silly install resolved      { type: 'git',
40 silly install resolved        url: 'git+ssh://git@github.com/korevec/node-i2c.git' },
40 silly install resolved     license: 'BSD',
40 silly install resolved     dependencies:
40 silly install resolved      { bindings: '1.2.1',
40 silly install resolved        underscore: '1.8.2',
40 silly install resolved        'coffee-script': '1.9.1',
40 silly install resolved        repl: '0.1.3' },
40 silly install resolved     engine: 'node >= 0.12.0',
40 silly install resolved     scripts: { install: 'node-gyp rebuild' },
40 silly install resolved     gypfile: true,
40 silly install resolved     bugs: { url: 'https://github.com/korevec/node-i2c/issues' },
40 silly install resolved     homepage: 'https://github.com/korevec/node-i2c',
40 silly install resolved     _id: 'i2c@0.2.1',
40 silly install resolved     dist:
40 silly install resolved      { shasum: 'e5687031c60acf09aa7ea9d35221a9e9161e0abc',
40 silly install resolved        tarball: 'http://registry.npmjs.org/i2c/-/i2c-0.2.1.tgz' },
40 silly install resolved     _from: 'i2c@*',
40 silly install resolved     _npmVersion: '1.3.14',
40 silly install resolved     _npmUser: { name: 'kelly', email: 'korevec@gmail.com' },
40 silly install resolved     maintainers: [ [Object] ],
40 silly install resolved     directories: {},
40 silly install resolved     _shasum: 'e5687031c60acf09aa7ea9d35221a9e9161e0abc',
40 silly install resolved     _resolved: 'https://registry.npmjs.org/i2c/-/i2c-0.2.1.tgz',
40 silly install resolved     readme: 'ERROR: No README data found!' } ]
41 info install i2c@0.2.1 into /home/pi/PiTruck
42 info installOne i2c@0.2.1
43 verbose installOne of i2c to /home/pi/PiTruck not in flight; installing
44 verbose lock using /home/pi/.npm/_locks/i2c-7232b24ca19b3a94.lock for /home/pi/PiTruck/node_modules/i2c
45 silly install write writing i2c 0.2.1 to /home/pi/PiTruck/node_modules/i2c
46 verbose unbuild node_modules/i2c
47 silly gentlyRm /home/pi/PiTruck/node_modules/i2c is being purged from base /home/pi/PiTruck
48 verbose gentlyRm don't care about contents; nuking /home/pi/PiTruck/node_modules/i2c
49 verbose tar unpack /home/pi/.npm/i2c/0.2.1/package.tgz
50 verbose tar unpacking to /home/pi/PiTruck/node_modules/i2c
51 silly gentlyRm /home/pi/PiTruck/node_modules/i2c is being purged
52 verbose gentlyRm don't care about contents; nuking /home/pi/PiTruck/node_modules/i2c
53 silly gunzTarPerm modes [ '755', '644' ]
54 silly gunzTarPerm extractEntry package.json
55 silly gunzTarPerm extractEntry .npmignore
56 silly gunzTarPerm extractEntry README.md
57 silly gunzTarPerm extractEntry LICENSE
58 silly gunzTarPerm extractEntry main.js
59 silly gunzTarPerm extractEntry binding.gyp
60 silly gunzTarPerm extractEntry examples/accelerometer/accel.coffee
61 silly gunzTarPerm extractEntry examples/blinkm/blinkm.coffee
62 silly gunzTarPerm extractEntry lib/i2c.coffee
63 silly gunzTarPerm extractEntry src/i2c-dev.c
64 silly gunzTarPerm extractEntry src/i2c-dev.h
65 silly gunzTarPerm extractEntry src/i2c.cc
66 verbose write writing to /home/pi/PiTruck/node_modules/i2c/package.json
67 info preinstall i2c@0.2.1
68 verbose readDependencies loading dependencies from /home/pi/PiTruck/node_modules/i2c/package.json
69 silly prepareForInstallMany adding bindings@1.2.1 from i2c dependencies
70 silly prepareForInstallMany adding underscore@1.8.2 from i2c dependencies
71 silly prepareForInstallMany adding coffee-script@1.9.1 from i2c dependencies
72 silly prepareForInstallMany adding repl@0.1.3 from i2c dependencies
73 verbose readDependencies loading dependencies from /home/pi/PiTruck/node_modules/i2c/package.json
74 silly cache add args [ 'bindings@1.2.1', null ]
75 verbose cache add spec bindings@1.2.1
76 silly cache add parsed spec Result {
76 silly cache add   raw: 'bindings@1.2.1',
76 silly cache add   scope: null,
76 silly cache add   name: 'bindings',
76 silly cache add   rawSpec: '1.2.1',
76 silly cache add   spec: '1.2.1',
76 silly cache add   type: 'version' }
77 silly addNamed bindings@1.2.1
78 verbose addNamed "1.2.1" is a plain semver version for bindings
79 silly mapToRegistry name bindings
80 silly mapToRegistry using default registry
81 silly mapToRegistry registry https://registry.npmjs.org/
82 silly mapToRegistry uri https://registry.npmjs.org/bindings
83 verbose addNameVersion registry:https://registry.npmjs.org/bindings not in flight; fetching
84 silly cache add args [ 'underscore@1.8.2', null ]
85 verbose cache add spec underscore@1.8.2
86 silly cache add parsed spec Result {
86 silly cache add   raw: 'underscore@1.8.2',
86 silly cache add   scope: null,
86 silly cache add   name: 'underscore',
86 silly cache add   rawSpec: '1.8.2',
86 silly cache add   spec: '1.8.2',
86 silly cache add   type: 'version' }
87 silly addNamed underscore@1.8.2
88 verbose addNamed "1.8.2" is a plain semver version for underscore
89 silly mapToRegistry name underscore
90 silly mapToRegistry using default registry
91 silly mapToRegistry registry https://registry.npmjs.org/
92 silly mapToRegistry uri https://registry.npmjs.org/underscore
93 verbose addNameVersion registry:https://registry.npmjs.org/underscore not in flight; fetching
94 silly cache add args [ 'coffee-script@1.9.1', null ]
95 verbose cache add spec coffee-script@1.9.1
96 silly cache add parsed spec Result {
96 silly cache add   raw: 'coffee-script@1.9.1',
96 silly cache add   scope: null,
96 silly cache add   name: 'coffee-script',
96 silly cache add   rawSpec: '1.9.1',
96 silly cache add   spec: '1.9.1',
96 silly cache add   type: 'version' }
97 silly addNamed coffee-script@1.9.1
98 verbose addNamed "1.9.1" is a plain semver version for coffee-script
99 silly mapToRegistry name coffee-script
100 silly mapToRegistry using default registry
101 silly mapToRegistry registry https://registry.npmjs.org/
102 silly mapToRegistry uri https://registry.npmjs.org/coffee-script
103 verbose addNameVersion registry:https://registry.npmjs.org/coffee-script not in flight; fetching
104 silly cache add args [ 'repl@0.1.3', null ]
105 verbose cache add spec repl@0.1.3
106 silly cache add parsed spec Result {
106 silly cache add   raw: 'repl@0.1.3',
106 silly cache add   scope: null,
106 silly cache add   name: 'repl',
106 silly cache add   rawSpec: '0.1.3',
106 silly cache add   spec: '0.1.3',
106 silly cache add   type: 'version' }
107 silly addNamed repl@0.1.3
108 verbose addNamed "0.1.3" is a plain semver version for repl
109 silly mapToRegistry name repl
110 silly mapToRegistry using default registry
111 silly mapToRegistry registry https://registry.npmjs.org/
112 silly mapToRegistry uri https://registry.npmjs.org/repl
113 verbose addNameVersion registry:https://registry.npmjs.org/repl not in flight; fetching
114 verbose request uri https://registry.npmjs.org/bindings
115 verbose request no auth needed
116 info attempt registry request try #1 at 11:33:38
117 verbose etag "1LLBF9OH58DLBEL4629U6032D"
118 http request GET https://registry.npmjs.org/bindings
119 verbose request uri https://registry.npmjs.org/underscore
120 verbose request no auth needed
121 info attempt registry request try #1 at 11:33:38
122 verbose etag "289TZ44OULM64IOO9KU4CXD7F"
123 http request GET https://registry.npmjs.org/underscore
124 verbose request uri https://registry.npmjs.org/coffee-script
125 verbose request no auth needed
126 info attempt registry request try #1 at 11:33:38
127 verbose etag "9AARX3C9OYWUCLYEM4MX0LTLW"
128 http request GET https://registry.npmjs.org/coffee-script
129 verbose request uri https://registry.npmjs.org/repl
130 verbose request no auth needed
131 info attempt registry request try #1 at 11:33:38
132 verbose etag "B2YIZ9SHIPM70CR4ZZI8WJ13O"
133 http request GET https://registry.npmjs.org/repl
134 http 304 https://registry.npmjs.org/bindings
135 verbose headers { date: 'Thu, 04 Feb 2016 10:33:38 GMT',
135 verbose headers   via: '1.1 varnish',
135 verbose headers   'cache-control': 'max-age=300',
135 verbose headers   etag: '"1LLBF9OH58DLBEL4629U6032D"',
135 verbose headers   age: '179',
135 verbose headers   connection: 'keep-alive',
135 verbose headers   'x-served-by': 'cache-ams4143-AMS',
135 verbose headers   'x-cache': 'HIT',
135 verbose headers   'x-cache-hits': '3',
135 verbose headers   'x-timer': 'S1454582018.518318,VS0,VE0',
135 verbose headers   vary: 'Accept' }
136 silly get cb [ 304,
136 silly get   { date: 'Thu, 04 Feb 2016 10:33:38 GMT',
136 silly get     via: '1.1 varnish',
136 silly get     'cache-control': 'max-age=300',
136 silly get     etag: '"1LLBF9OH58DLBEL4629U6032D"',
136 silly get     age: '179',
136 silly get     connection: 'keep-alive',
136 silly get     'x-served-by': 'cache-ams4143-AMS',
136 silly get     'x-cache': 'HIT',
136 silly get     'x-cache-hits': '3',
136 silly get     'x-timer': 'S1454582018.518318,VS0,VE0',
136 silly get     vary: 'Accept' } ]
137 verbose etag https://registry.npmjs.org/bindings from cache
138 verbose get saving bindings to /home/pi/.npm/registry.npmjs.org/bindings/.cache.json
139 http 304 https://registry.npmjs.org/underscore
140 verbose headers { date: 'Thu, 04 Feb 2016 10:33:38 GMT',
140 verbose headers   via: '1.1 varnish',
140 verbose headers   'cache-control': 'max-age=300',
140 verbose headers   etag: '"289TZ44OULM64IOO9KU4CXD7F"',
140 verbose headers   age: '101',
140 verbose headers   connection: 'keep-alive',
140 verbose headers   'x-served-by': 'cache-ams4121-AMS',
140 verbose headers   'x-cache': 'HIT',
140 verbose headers   'x-cache-hits': '5',
140 verbose headers   'x-timer': 'S1454582018.521693,VS0,VE0',
140 verbose headers   vary: 'Accept' }
141 silly get cb [ 304,
141 silly get   { date: 'Thu, 04 Feb 2016 10:33:38 GMT',
141 silly get     via: '1.1 varnish',
141 silly get     'cache-control': 'max-age=300',
141 silly get     etag: '"289TZ44OULM64IOO9KU4CXD7F"',
141 silly get     age: '101',
141 silly get     connection: 'keep-alive',
141 silly get     'x-served-by': 'cache-ams4121-AMS',
141 silly get     'x-cache': 'HIT',
141 silly get     'x-cache-hits': '5',
141 silly get     'x-timer': 'S1454582018.521693,VS0,VE0',
141 silly get     vary: 'Accept' } ]
142 verbose etag https://registry.npmjs.org/underscore from cache
143 verbose get saving underscore to /home/pi/.npm/registry.npmjs.org/underscore/.cache.json
144 http 304 https://registry.npmjs.org/coffee-script
145 verbose headers { date: 'Thu, 04 Feb 2016 10:33:38 GMT',
145 verbose headers   via: '1.1 varnish',
145 verbose headers   'cache-control': 'max-age=300',
145 verbose headers   etag: '"9AARX3C9OYWUCLYEM4MX0LTLW"',
145 verbose headers   age: '127',
145 verbose headers   connection: 'keep-alive',
145 verbose headers   'x-served-by': 'cache-ams4131-AMS',
145 verbose headers   'x-cache': 'HIT',
145 verbose headers   'x-cache-hits': '3',
145 verbose headers   'x-timer': 'S1454582018.522873,VS0,VE0',
145 verbose headers   vary: 'Accept' }
146 silly get cb [ 304,
146 silly get   { date: 'Thu, 04 Feb 2016 10:33:38 GMT',
146 silly get     via: '1.1 varnish',
146 silly get     'cache-control': 'max-age=300',
146 silly get     etag: '"9AARX3C9OYWUCLYEM4MX0LTLW"',
146 silly get     age: '127',
146 silly get     connection: 'keep-alive',
146 silly get     'x-served-by': 'cache-ams4131-AMS',
146 silly get     'x-cache': 'HIT',
146 silly get     'x-cache-hits': '3',
146 silly get     'x-timer': 'S1454582018.522873,VS0,VE0',
146 silly get     vary: 'Accept' } ]
147 verbose etag https://registry.npmjs.org/coffee-script from cache
148 verbose get saving coffee-script to /home/pi/.npm/registry.npmjs.org/coffee-script/.cache.json
149 silly cache afterAdd bindings@1.2.1
150 verbose afterAdd /home/pi/.npm/bindings/1.2.1/package/package.json not in flight; writing
151 silly cache afterAdd underscore@1.8.2
152 verbose afterAdd /home/pi/.npm/underscore/1.8.2/package/package.json not in flight; writing
153 silly cache afterAdd coffee-script@1.9.1
154 verbose afterAdd /home/pi/.npm/coffee-script/1.9.1/package/package.json not in flight; writing
155 http 304 https://registry.npmjs.org/repl
156 verbose headers { date: 'Thu, 04 Feb 2016 10:33:38 GMT',
156 verbose headers   via: '1.1 varnish',
156 verbose headers   'cache-control': 'max-age=300',
156 verbose headers   etag: '"B2YIZ9SHIPM70CR4ZZI8WJ13O"',
156 verbose headers   age: '0',
156 verbose headers   connection: 'keep-alive',
156 verbose headers   'x-served-by': 'cache-ams4148-AMS',
156 verbose headers   'x-cache': 'HIT',
156 verbose headers   'x-cache-hits': '1',
156 verbose headers   'x-timer': 'S1454582018.525672,VS0,VE116',
156 verbose headers   vary: 'Accept' }
157 silly get cb [ 304,
157 silly get   { date: 'Thu, 04 Feb 2016 10:33:38 GMT',
157 silly get     via: '1.1 varnish',
157 silly get     'cache-control': 'max-age=300',
157 silly get     etag: '"B2YIZ9SHIPM70CR4ZZI8WJ13O"',
157 silly get     age: '0',
157 silly get     connection: 'keep-alive',
157 silly get     'x-served-by': 'cache-ams4148-AMS',
157 silly get     'x-cache': 'HIT',
157 silly get     'x-cache-hits': '1',
157 silly get     'x-timer': 'S1454582018.525672,VS0,VE116',
157 silly get     vary: 'Accept' } ]
158 verbose etag https://registry.npmjs.org/repl from cache
159 verbose get saving repl to /home/pi/.npm/registry.npmjs.org/repl/.cache.json
160 verbose afterAdd /home/pi/.npm/bindings/1.2.1/package/package.json written
161 verbose afterAdd /home/pi/.npm/underscore/1.8.2/package/package.json written
162 verbose afterAdd /home/pi/.npm/coffee-script/1.9.1/package/package.json written
163 silly cache afterAdd repl@0.1.3
164 verbose afterAdd /home/pi/.npm/repl/0.1.3/package/package.json not in flight; writing
165 verbose afterAdd /home/pi/.npm/repl/0.1.3/package/package.json written
166 silly install resolved [ { name: 'bindings',
166 silly install resolved     description: 'Helper module for loading your native module\'s .node file',
166 silly install resolved     keywords: [ 'native', 'addon', 'bindings', 'gyp', 'waf', 'c', 'c++' ],
166 silly install resolved     version: '1.2.1',
166 silly install resolved     author:
166 silly install resolved      { name: 'Nathan Rajlich',
166 silly install resolved        email: 'nathan@tootallnate.net',
166 silly install resolved        url: 'http://tootallnate.net' },
166 silly install resolved     repository:
166 silly install resolved      { type: 'git',
166 silly install resolved        url: 'git://github.com/TooTallNate/node-bindings.git' },
166 silly install resolved     main: './bindings.js',
166 silly install resolved     bugs: { url: 'https://github.com/TooTallNate/node-bindings/issues' },
166 silly install resolved     homepage: 'https://github.com/TooTallNate/node-bindings',
166 silly install resolved     license: 'MIT',
166 silly install resolved     gitHead: 'e404152ee27f8478ccbc7122ee051246e8e5ec02',
166 silly install resolved     _id: 'bindings@1.2.1',
166 silly install resolved     scripts: {},
166 silly install resolved     _shasum: '14ad6113812d2d37d72e67b4cacb4bb726505f11',
166 silly install resolved     _from: 'bindings@1.2.1',
166 silly install resolved     _npmVersion: '1.4.14',
166 silly install resolved     _npmUser: { name: 'tootallnate', email: 'nathan@tootallnate.net' },
166 silly install resolved     maintainers: [ [Object], [Object] ],
166 silly install resolved     dist:
166 silly install resolved      { shasum: '14ad6113812d2d37d72e67b4cacb4bb726505f11',
166 silly install resolved        tarball: 'http://registry.npmjs.org/bindings/-/bindings-1.2.1.tgz' },
166 silly install resolved     directories: {},
166 silly install resolved     _resolved: 'https://registry.npmjs.org/bindings/-/bindings-1.2.1.tgz',
166 silly install resolved     readme: 'ERROR: No README data found!' },
166 silly install resolved   { name: 'underscore',
166 silly install resolved     description: 'JavaScript\'s functional programming helper library.',
166 silly install resolved     homepage: 'http://underscorejs.org',
166 silly install resolved     keywords: [ 'util', 'functional', 'server', 'client', 'browser' ],
166 silly install resolved     author: { name: 'Jeremy Ashkenas', email: 'jeremy@documentcloud.org' },
166 silly install resolved     repository:
166 silly install resolved      { type: 'git',
166 silly install resolved        url: 'git://github.com/jashkenas/underscore.git' },
166 silly install resolved     main: 'underscore.js',
166 silly install resolved     version: '1.8.2',
166 silly install resolved     devDependencies:
166 silly install resolved      { docco: '*',
166 silly install resolved        eslint: '0.6.x',
166 silly install resolved        karma: '~0.12.31',
166 silly install resolved        'karma-qunit': '~0.1.4',
166 silly install resolved        'qunit-cli': '~0.2.0',
166 silly install resolved        'uglify-js': '2.4.x' },
166 silly install resolved     scripts:
166 silly install resolved      { test: 'npm run test-node && npm run lint',
166 silly install resolved        lint: 'eslint underscore.js test/*.js',
166 silly install resolved        'test-node': 'qunit-cli test/*.js',
166 silly install resolved        'test-browser': 'npm i karma-phantomjs-launcher && ./node_modules/karma/bin/karma start',
166 silly install resolved        build: 'uglifyjs underscore.js -c "evaluate=false" --comments "/    .*/" -m --source-map underscore-min.map -o underscore-min.js',
166 silly install resolved        doc: 'docco underscore.js' },
166 silly install resolved     license: 'MIT',
166 silly install resolved     files:
166 silly install resolved      [ 'underscore.js',
166 silly install resolved        'underscore-min.js',
166 silly install resolved        'underscore-min.map',
166 silly install resolved        'LICENSE' ],
166 silly install resolved     gitHead: '19db749b190a7cb5a8b7ab1aab42c0e9dc517250',
166 silly install resolved     bugs: { url: 'https://github.com/jashkenas/underscore/issues' },
166 silly install resolved     _id: 'underscore@1.8.2',
166 silly install resolved     _shasum: '64df2eb590899de950782f3735190ba42ebf311d',
166 silly install resolved     _from: 'underscore@1.8.2',
166 silly install resolved     _npmVersion: '1.4.28',
166 silly install resolved     _npmUser: { name: 'jashkenas', email: 'jashkenas@gmail.com' },
166 silly install resolved     maintainers: [ [Object] ],
166 silly install resolved     dist:
166 silly install resolved      { shasum: '64df2eb590899de950782f3735190ba42ebf311d',
166 silly install resolved        tarball: 'http://registry.npmjs.org/underscore/-/underscore-1.8.2.tgz' },
166 silly install resolved     directories: {},
166 silly install resolved     _resolved: 'https://registry.npmjs.org/underscore/-/underscore-1.8.2.tgz',
166 silly install resolved     readme: 'ERROR: No README data found!' },
166 silly install resolved   { name: 'coffee-script',
166 silly install resolved     description: 'Unfancy JavaScript',
166 silly install resolved     keywords: [ 'javascript', 'language', 'coffeescript', 'compiler' ],
166 silly install resolved     author: { name: 'Jeremy Ashkenas' },
166 silly install resolved     version: '1.9.1',
166 silly install resolved     license: 'MIT',
166 silly install resolved     engines: { node: '>=0.8.0' },
166 silly install resolved     directories: { lib: './lib/coffee-script' },
166 silly install resolved     main: './lib/coffee-script/coffee-script',
166 silly install resolved     bin: { coffee: './bin/coffee', cake: './bin/cake' },
166 silly install resolved     preferGlobal: true,
166 silly install resolved     scripts:
166 silly install resolved      { test: 'node ./bin/cake test',
166 silly install resolved        'test-harmony': 'node --harmony ./bin/cake test' },
166 silly install resolved     homepage: 'http://coffeescript.org',
166 silly install resolved     bugs: { url: 'https://github.com/jashkenas/coffeescript/issues' },
166 silly install resolved     repository:
166 silly install resolved      { type: 'git',
166 silly install resolved        url: 'git://github.com/jashkenas/coffeescript.git' },
166 silly install resolved     devDependencies:
166 silly install resolved      { 'uglify-js': '~2.2',
166 silly install resolved        jison: '>=0.2.0',
166 silly install resolved        'highlight.js': '~8.0.0',
166 silly install resolved        underscore: '~1.5.2',
166 silly install resolved        docco: '~0.7.0' },
166 silly install resolved     gitHead: '533ad8afe920b2dbf64ffb00efda45648242cc24',
166 silly install resolved     _id: 'coffee-script@1.9.1',
166 silly install resolved     _shasum: 'c458d02200f460d064a79cb6ab1ee6e2c9ca1c31',
166 silly install resolved     _from: 'coffee-script@1.9.1',
166 silly install resolved     _npmVersion: '1.4.28',
166 silly install resolved     _npmUser: { name: 'jashkenas', email: 'jashkenas@gmail.com' },
166 silly install resolved     maintainers: [ [Object], [Object] ],
166 silly install resolved     dist:
166 silly install resolved      { shasum: 'c458d02200f460d064a79cb6ab1ee6e2c9ca1c31',
166 silly install resolved        tarball: 'http://registry.npmjs.org/coffee-script/-/coffee-script-1.9.1.tgz' },
166 silly install resolved     _resolved: 'https://registry.npmjs.org/coffee-script/-/coffee-script-1.9.1.tgz',
166 silly install resolved     readme: 'ERROR: No README data found!' },
166 silly install resolved   { name: 'repl',
166 silly install resolved     author: { name: 'Firejune', url: 'http://firejune.com/' },
166 silly install resolved     version: '0.1.3',
166 silly install resolved     description: 'A simple fast template libray.',
166 silly install resolved     homepage: 'http://github.com/firejune/repl',
166 silly install resolved     keywords: [ 'template', 'engine', 'repl' ],
166 silly install resolved     main: 'lib/template',
166 silly install resolved     directories: { lib: 'lib' },
166 silly install resolved     repository: { type: 'git', url: 'git://github.com/firejune/repl.git' },
166 silly install resolved     licenses: [ [Object] ],
166 silly install resolved     bugs: { url: 'http://github.com/firejune/repl/issues' },
166 silly install resolved     engines: { node: '>= 0.4.0' },
166 silly install resolved     _npmUser: { name: 'firejune', email: 'to@firejune.com' },
166 silly install resolved     _id: 'repl@0.1.3',
166 silly install resolved     dependencies: {},
166 silly install resolved     devDependencies: {},
166 silly install resolved     _engineSupported: true,
166 silly install resolved     _npmVersion: '1.0.94',
166 silly install resolved     _nodeVersion: 'v0.4.12',
166 silly install resolved     _defaultsLoaded: true,
166 silly install resolved     dist:
166 silly install resolved      { shasum: '2f05d42b0c88b43d05ccbda10ed14aeff5699b60',
166 silly install resolved        tarball: 'http://registry.npmjs.org/repl/-/repl-0.1.3.tgz' },
166 silly install resolved     maintainers: [ [Object] ],
166 silly install resolved     _shasum: '2f05d42b0c88b43d05ccbda10ed14aeff5699b60',
166 silly install resolved     _resolved: 'https://registry.npmjs.org/repl/-/repl-0.1.3.tgz',
166 silly install resolved     _from: 'repl@0.1.3',
166 silly install resolved     readme: 'ERROR: No README data found!' } ]
167 info install bindings@1.2.1 into /home/pi/PiTruck/node_modules/i2c
168 info install underscore@1.8.2 into /home/pi/PiTruck/node_modules/i2c
169 info install coffee-script@1.9.1 into /home/pi/PiTruck/node_modules/i2c
170 info install repl@0.1.3 into /home/pi/PiTruck/node_modules/i2c
171 info installOne bindings@1.2.1
172 verbose installOne of bindings to /home/pi/PiTruck/node_modules/i2c not in flight; installing
173 info installOne underscore@1.8.2
174 verbose installOne of underscore to /home/pi/PiTruck/node_modules/i2c not in flight; installing
175 info installOne coffee-script@1.9.1
176 verbose installOne of coffee-script to /home/pi/PiTruck/node_modules/i2c not in flight; installing
177 info installOne repl@0.1.3
178 verbose installOne of repl to /home/pi/PiTruck/node_modules/i2c not in flight; installing
179 verbose lock using /home/pi/.npm/_locks/bindings-e6f38373abcb9652.lock for /home/pi/PiTruck/node_modules/i2c/node_modules/bindings
180 verbose lock using /home/pi/.npm/_locks/underscore-c60add17cf27fc13.lock for /home/pi/PiTruck/node_modules/i2c/node_modules/underscore
181 verbose lock using /home/pi/.npm/_locks/coffee-script-985cb75240c38485.lock for /home/pi/PiTruck/node_modules/i2c/node_modules/coffee-script
182 verbose lock using /home/pi/.npm/_locks/repl-2e1ee99fd5b0946d.lock for /home/pi/PiTruck/node_modules/i2c/node_modules/repl
183 silly install write writing bindings 1.2.1 to /home/pi/PiTruck/node_modules/i2c/node_modules/bindings
184 silly install write writing underscore 1.8.2 to /home/pi/PiTruck/node_modules/i2c/node_modules/underscore
185 silly install write writing coffee-script 1.9.1 to /home/pi/PiTruck/node_modules/i2c/node_modules/coffee-script
186 silly install write writing repl 0.1.3 to /home/pi/PiTruck/node_modules/i2c/node_modules/repl
187 verbose unbuild node_modules/i2c/node_modules/bindings
188 verbose unbuild node_modules/i2c/node_modules/underscore
189 verbose unbuild node_modules/i2c/node_modules/repl
190 verbose unbuild node_modules/i2c/node_modules/coffee-script
191 silly gentlyRm /home/pi/PiTruck/node_modules/i2c/node_modules/bindings is being purged from base /home/pi/PiTruck
192 verbose gentlyRm don't care about contents; nuking /home/pi/PiTruck/node_modules/i2c/node_modules/bindings
193 silly gentlyRm /home/pi/PiTruck/node_modules/i2c/node_modules/underscore is being purged from base /home/pi/PiTruck
194 verbose gentlyRm don't care about contents; nuking /home/pi/PiTruck/node_modules/i2c/node_modules/underscore
195 silly gentlyRm /home/pi/PiTruck/node_modules/i2c/node_modules/repl is being purged from base /home/pi/PiTruck
196 verbose gentlyRm don't care about contents; nuking /home/pi/PiTruck/node_modules/i2c/node_modules/repl
197 verbose tar unpack /home/pi/.npm/bindings/1.2.1/package.tgz
198 verbose tar unpacking to /home/pi/PiTruck/node_modules/i2c/node_modules/bindings
199 silly gentlyRm /home/pi/PiTruck/node_modules/i2c/node_modules/bindings is being purged
200 verbose gentlyRm don't care about contents; nuking /home/pi/PiTruck/node_modules/i2c/node_modules/bindings
201 verbose tar unpack /home/pi/.npm/underscore/1.8.2/package.tgz
202 verbose tar unpacking to /home/pi/PiTruck/node_modules/i2c/node_modules/underscore
203 silly gentlyRm /home/pi/PiTruck/node_modules/i2c/node_modules/underscore is being purged
204 verbose gentlyRm don't care about contents; nuking /home/pi/PiTruck/node_modules/i2c/node_modules/underscore
205 silly gentlyRm /home/pi/PiTruck/node_modules/i2c/node_modules/coffee-script is being purged from base /home/pi/PiTruck
206 verbose gentlyRm don't care about contents; nuking /home/pi/PiTruck/node_modules/i2c/node_modules/coffee-script
207 verbose tar unpack /home/pi/.npm/repl/0.1.3/package.tgz
208 verbose tar unpacking to /home/pi/PiTruck/node_modules/i2c/node_modules/repl
209 silly gentlyRm /home/pi/PiTruck/node_modules/i2c/node_modules/repl is being purged
210 verbose gentlyRm don't care about contents; nuking /home/pi/PiTruck/node_modules/i2c/node_modules/repl
211 silly gunzTarPerm modes [ '755', '644' ]
212 silly gunzTarPerm modes [ '755', '644' ]
213 verbose tar unpack /home/pi/.npm/coffee-script/1.9.1/package.tgz
214 verbose tar unpacking to /home/pi/PiTruck/node_modules/i2c/node_modules/coffee-script
215 silly gentlyRm /home/pi/PiTruck/node_modules/i2c/node_modules/coffee-script is being purged
216 verbose gentlyRm don't care about contents; nuking /home/pi/PiTruck/node_modules/i2c/node_modules/coffee-script
217 silly gunzTarPerm modes [ '755', '644' ]
218 silly gunzTarPerm modes [ '755', '644' ]
219 silly gunzTarPerm extractEntry package.json
220 silly gunzTarPerm extractEntry package.json
221 silly gunzTarPerm extractEntry test.js
222 silly gunzTarPerm extractEntry package.json
223 silly gunzTarPerm extractEntry README.md
224 silly gunzTarPerm extractEntry bindings.js
225 silly gunzTarPerm extractEntry README.md
226 silly gunzTarPerm extractEntry LICENSE
227 silly gunzTarPerm extractEntry README.md
228 silly gunzTarPerm extractEntry package.json
229 silly gunzTarPerm extractEntry .npmignore
230 silly gunzTarPerm extractEntry README
231 silly gunzTarPerm extractEntry underscore.js
232 silly gunzTarPerm extractEntry underscore-min.js
233 silly gunzTarPerm extractEntry underscore-min.map
234 silly gunzTarPerm extractEntry index.js
235 silly gunzTarPerm extractEntry lib/repl.js
236 silly gunzTarPerm extractEntry README.md
237 silly gunzTarPerm extractEntry LICENSE
238 silly gunzTarPerm extractEntry register.js
239 silly gunzTarPerm extractEntry repl.js
240 silly gunzTarPerm extractEntry bin/cake
241 silly gunzTarPerm extractEntry bin/coffee
242 verbose write writing to /home/pi/PiTruck/node_modules/i2c/node_modules/bindings/package.json
243 silly gunzTarPerm extractEntry bower.json
244 silly gunzTarPerm extractEntry lib/coffee-script/browser.js
245 info preinstall bindings@1.2.1
246 verbose readDependencies loading dependencies from /home/pi/PiTruck/node_modules/i2c/node_modules/bindings/package.json
247 silly gunzTarPerm extractEntry lib/coffee-script/grammar.js
248 silly gunzTarPerm extractEntry lib/coffee-script/helpers.js
249 verbose readDependencies loading dependencies from /home/pi/PiTruck/node_modules/i2c/node_modules/bindings/package.json
250 verbose write writing to /home/pi/PiTruck/node_modules/i2c/node_modules/repl/package.json
251 silly install resolved []
252 verbose about to build /home/pi/PiTruck/node_modules/i2c/node_modules/bindings
253 info build /home/pi/PiTruck/node_modules/i2c/node_modules/bindings
254 silly gunzTarPerm extractEntry lib/coffee-script/index.js
255 silly gunzTarPerm extractEntry lib/coffee-script/lexer.js
256 info preinstall repl@0.1.3
257 info linkStuff bindings@1.2.1
258 silly linkStuff bindings@1.2.1 has /home/pi/PiTruck/node_modules/i2c/node_modules as its parent node_modules
259 verbose readDependencies loading dependencies from /home/pi/PiTruck/node_modules/i2c/node_modules/repl/package.json
260 verbose linkBins bindings@1.2.1
261 verbose linkMans bindings@1.2.1
262 verbose rebuildBundles bindings@1.2.1
263 info install bindings@1.2.1
264 silly gunzTarPerm extractEntry lib/coffee-script/command.js
265 silly gunzTarPerm extractEntry lib/coffee-script/optparse.js
266 info postinstall bindings@1.2.1
267 verbose readDependencies loading dependencies from /home/pi/PiTruck/node_modules/i2c/node_modules/repl/package.json
268 verbose unlock done using /home/pi/.npm/_locks/bindings-e6f38373abcb9652.lock for /home/pi/PiTruck/node_modules/i2c/node_modules/bindings
269 verbose write writing to /home/pi/PiTruck/node_modules/i2c/node_modules/underscore/package.json
270 silly gunzTarPerm extractEntry lib/coffee-script/parser.js
271 silly gunzTarPerm extractEntry lib/coffee-script/register.js
272 silly install resolved []
273 verbose about to build /home/pi/PiTruck/node_modules/i2c/node_modules/repl
274 info build /home/pi/PiTruck/node_modules/i2c/node_modules/repl
275 info preinstall underscore@1.8.2
276 verbose readDependencies loading dependencies from /home/pi/PiTruck/node_modules/i2c/node_modules/underscore/package.json
277 info linkStuff repl@0.1.3
278 silly linkStuff repl@0.1.3 has /home/pi/PiTruck/node_modules/i2c/node_modules as its parent node_modules
279 verbose linkBins repl@0.1.3
280 verbose linkMans repl@0.1.3
281 verbose rebuildBundles repl@0.1.3
282 silly gunzTarPerm extractEntry lib/coffee-script/repl.js
283 silly gunzTarPerm extractEntry lib/coffee-script/rewriter.js
284 info install repl@0.1.3
285 info postinstall repl@0.1.3
286 verbose readDependencies loading dependencies from /home/pi/PiTruck/node_modules/i2c/node_modules/underscore/package.json
287 verbose unlock done using /home/pi/.npm/_locks/repl-2e1ee99fd5b0946d.lock for /home/pi/PiTruck/node_modules/i2c/node_modules/repl
288 silly install resolved []
289 verbose about to build /home/pi/PiTruck/node_modules/i2c/node_modules/underscore
290 info build /home/pi/PiTruck/node_modules/i2c/node_modules/underscore
291 silly gunzTarPerm extractEntry lib/coffee-script/coffee-script.js
292 silly gunzTarPerm extractEntry lib/coffee-script/scope.js
293 info linkStuff underscore@1.8.2
294 silly linkStuff underscore@1.8.2 has /home/pi/PiTruck/node_modules/i2c/node_modules as its parent node_modules
295 verbose linkBins underscore@1.8.2
296 verbose linkMans underscore@1.8.2
297 verbose rebuildBundles underscore@1.8.2
298 info install underscore@1.8.2
299 info postinstall underscore@1.8.2
300 verbose unlock done using /home/pi/.npm/_locks/underscore-c60add17cf27fc13.lock for /home/pi/PiTruck/node_modules/i2c/node_modules/underscore
301 silly gunzTarPerm extractEntry lib/coffee-script/cake.js
302 silly gunzTarPerm extractEntry lib/coffee-script/sourcemap.js
303 silly gunzTarPerm extractEntry lib/coffee-script/nodes.js
304 silly gunzTarPerm extractEntry CNAME
305 silly gunzTarPerm extractEntry CONTRIBUTING.md
306 verbose write writing to /home/pi/PiTruck/node_modules/i2c/node_modules/coffee-script/package.json
307 info preinstall coffee-script@1.9.1
308 verbose readDependencies loading dependencies from /home/pi/PiTruck/node_modules/i2c/node_modules/coffee-script/package.json
309 verbose readDependencies loading dependencies from /home/pi/PiTruck/node_modules/i2c/node_modules/coffee-script/package.json
310 silly install resolved []
311 verbose about to build /home/pi/PiTruck/node_modules/i2c/node_modules/coffee-script
312 info build /home/pi/PiTruck/node_modules/i2c/node_modules/coffee-script
313 info linkStuff coffee-script@1.9.1
314 silly linkStuff coffee-script@1.9.1 has /home/pi/PiTruck/node_modules/i2c/node_modules as its parent node_modules
315 verbose linkBins coffee-script@1.9.1
316 verbose link bins [ { coffee: './bin/coffee', cake: './bin/cake' },
316 verbose link bins   '/home/pi/PiTruck/node_modules/i2c/node_modules/.bin',
316 verbose link bins   false ]
317 verbose linkMans coffee-script@1.9.1
318 verbose rebuildBundles coffee-script@1.9.1
319 silly gentlyRm /home/pi/PiTruck/node_modules/i2c/node_modules/.bin/coffee is being purged
320 verbose gentlyRm don't care about contents; nuking /home/pi/PiTruck/node_modules/i2c/node_modules/.bin/coffee
321 silly gentlyRm /home/pi/PiTruck/node_modules/i2c/node_modules/.bin/cake is being purged
322 verbose gentlyRm don't care about contents; nuking /home/pi/PiTruck/node_modules/i2c/node_modules/.bin/cake
323 info install coffee-script@1.9.1
324 info postinstall coffee-script@1.9.1
325 verbose unlock done using /home/pi/.npm/_locks/coffee-script-985cb75240c38485.lock for /home/pi/PiTruck/node_modules/i2c/node_modules/coffee-script
326 verbose about to build /home/pi/PiTruck/node_modules/i2c
327 info build /home/pi/PiTruck/node_modules/i2c
328 info linkStuff i2c@0.2.1
329 silly linkStuff i2c@0.2.1 has /home/pi/PiTruck/node_modules as its parent node_modules
330 verbose linkBins i2c@0.2.1
331 verbose linkMans i2c@0.2.1
332 verbose rebuildBundles i2c@0.2.1
333 verbose rebuildBundles [ '.bin', 'bindings', 'coffee-script', 'repl', 'underscore' ]
334 info install i2c@0.2.1
335 verbose unsafe-perm in lifecycle true
336 info i2c@0.2.1 Failed to exec install script
337 verbose unlock done using /home/pi/.npm/_locks/i2c-7232b24ca19b3a94.lock for /home/pi/PiTruck/node_modules/i2c
338 verbose stack Error: i2c@0.2.1 install: `node-gyp rebuild`
338 verbose stack Exit status 1
338 verbose stack     at EventEmitter.<anonymous> (/usr/local/lib/node_modules/npm/lib/utils/lifecycle.js:214:16)
338 verbose stack     at emitTwo (events.js:87:13)
338 verbose stack     at EventEmitter.emit (events.js:172:7)
338 verbose stack     at ChildProcess.<anonymous> (/usr/local/lib/node_modules/npm/lib/utils/spawn.js:24:14)
338 verbose stack     at emitTwo (events.js:87:13)
338 verbose stack     at ChildProcess.emit (events.js:172:7)
338 verbose stack     at maybeClose (internal/child_process.js:818:16)
338 verbose stack     at Process.ChildProcess._handle.onexit (internal/child_process.js:211:5)
339 verbose pkgid i2c@0.2.1
340 verbose cwd /home/pi/PiTruck
341 error Linux 4.1.17-v7+
342 error argv "/usr/local/bin/node" "/usr/local/bin/npm" "install" "i2c"
343 error node v4.2.1
344 error npm  v2.14.7
345 error code ELIFECYCLE
346 error i2c@0.2.1 install: `node-gyp rebuild`
346 error Exit status 1
347 error Failed at the i2c@0.2.1 install script 'node-gyp rebuild'.
347 error This is most likely a problem with the i2c package,
347 error not with npm itself.
347 error Tell the author that this fails on your system:
347 error     node-gyp rebuild
347 error You can get their info via:
347 error     npm owner ls i2c
347 error There is likely additional logging output above.
348 verbose exit [ 1, true ]
349 verbose unbuild node_modules/i2c
350 info preuninstall i2c@0.2.1
351 info uninstall i2c@0.2.1
352 verbose unbuild rmStuff i2c@0.2.1 from /home/pi/PiTruck/node_modules
353 info postuninstall i2c@0.2.1
354 silly gentlyRm /home/pi/PiTruck/node_modules/i2c is being purged from base /home/pi/PiTruck
355 verbose gentlyRm don't care about contents; nuking /home/pi/PiTruck/node_modules/i2c
356 silly vacuum-fs purging /home/pi/PiTruck/node_modules/i2c
357 silly vacuum-fs quitting because other entries in /home/pi/PiTruck/node_modules
